[0.064s] DEBUG:colcon:Command line arguments: ['/usr/bin/colcon', 'build']
[0.064s] DEBUG:colcon:Parsed command line arguments: Namespace(log_base=None, log_level=None, verb_name='build', build_base='build', install_base='install', merge_install=False, symlink_install=False, test_result_base=None, continue_on_error=False, executor='parallel', parallel_workers=20, event_handlers=None, ignore_user_meta=False, metas=['./colcon.meta'], base_paths=['.'], packages_ignore=None, packages_ignore_regex=None, paths=None, packages_up_to=None, packages_up_to_regex=None, packages_above=None, packages_above_and_dependencies=None, packages_above_depth=None, packages_select_by_dep=None, packages_skip_by_dep=None, packages_skip_up_to=None, packages_select_build_failed=False, packages_skip_build_finished=False, packages_select_test_failures=False, packages_skip_test_passed=False, packages_select=None, packages_skip=None, packages_select_regex=None, packages_skip_regex=None, packages_start=None, packages_end=None, allow_overriding=[], cmake_args=None, cmake_target=None, cmake_target_skip_unavailable=False, cmake_clean_cache=False, cmake_clean_first=False, cmake_force_configure=False, ament_cmake_args=None, catkin_cmake_args=None, catkin_skip_building_tests=False, mixin_files=None, mixin=None, verb_parser=<colcon_mixin.mixin.mixin_argument.MixinArgumentDecorator object at 0x747a52e42830>, verb_extension=<colcon_core.verb.build.BuildVerb object at 0x747a52e42260>, main=<bound method BuildVerb.main of <colcon_core.verb.build.BuildVerb object at 0x747a52e42260>>, mixin_verb=('build',))
[0.156s] Level 1:colcon.colcon_core.package_discovery:discover_packages(colcon_meta) check parameters
[0.156s] Level 1:colcon.colcon_core.package_discovery:discover_packages(recursive) check parameters
[0.156s] Level 1:colcon.colcon_core.package_discovery:discover_packages(ignore) check parameters
[0.156s] Level 1:colcon.colcon_core.package_discovery:discover_packages(path) check parameters
[0.156s] Level 1:colcon.colcon_core.package_discovery:discover_packages(colcon_meta) discover
[0.156s] Level 1:colcon.colcon_core.package_discovery:discover_packages(recursive) discover
[0.156s] INFO:colcon.colcon_core.package_discovery:Crawling recursively for packages in '/home/zoellickhan/Code/testing'
[0.156s] Level 1:colcon.colcon_core.package_identification:_identify(.) by extensions ['ignore', 'ignore_ament_install']
[0.156s] Level 1:colcon.colcon_core.package_identification:_identify(.) by extension 'ignore'
[0.156s] Level 1:colcon.colcon_core.package_identification:_identify(.) by extension 'ignore_ament_install'
[0.156s] Level 1:colcon.colcon_core.package_identification:_identify(.) by extensions ['colcon_pkg']
[0.156s] Level 1:colcon.colcon_core.package_identification:_identify(.) by extension 'colcon_pkg'
[0.156s] Level 1:colcon.colcon_core.package_identification:_identify(.) by extensions ['colcon_meta']
[0.156s] Level 1:colcon.colcon_core.package_identification:_identify(.) by extension 'colcon_meta'
[0.156s] Level 1:colcon.colcon_core.package_identification:_identify(.) by extensions ['ros']
[0.156s] Level 1:colcon.colcon_core.package_identification:_identify(.) by extension 'ros'
[0.163s] Level 1:colcon.colcon_core.package_identification:_identify(.) by extensions ['cmake', 'python']
[0.163s] Level 1:colcon.colcon_core.package_identification:_identify(.) by extension 'cmake'
[0.163s] Level 1:colcon.colcon_core.package_identification:_identify(.) by extension 'python'
[0.163s] Level 1:colcon.colcon_core.package_identification:_identify(.) by extensions ['python_setup_py']
[0.163s] Level 1:colcon.colcon_core.package_identification:_identify(.) by extension 'python_setup_py'
[0.163s] Level 1:colcon.colcon_core.package_identification:_identify(build) by extensions ['ignore', 'ignore_ament_install']
[0.163s] Level 1:colcon.colcon_core.package_identification:_identify(build) by extension 'ignore'
[0.163s] Level 1:colcon.colcon_core.package_identification:_identify(build) ignored
[0.163s] Level 1:colcon.colcon_core.package_identification:_identify(install) by extensions ['ignore', 'ignore_ament_install']
[0.163s] Level 1:colcon.colcon_core.package_identification:_identify(install) by extension 'ignore'
[0.163s] Level 1:colcon.colcon_core.package_identification:_identify(install) ignored
[0.163s] Level 1:colcon.colcon_core.package_identification:_identify(log) by extensions ['ignore', 'ignore_ament_install']
[0.163s] Level 1:colcon.colcon_core.package_identification:_identify(log) by extension 'ignore'
[0.163s] Level 1:colcon.colcon_core.package_identification:_identify(log) ignored
[0.163s] Level 1:colcon.colcon_core.package_identification:_identify(src) by extensions ['ignore', 'ignore_ament_install']
[0.164s] Level 1:colcon.colcon_core.package_identification:_identify(src) by extension 'ignore'
[0.164s] Level 1:colcon.colcon_core.package_identification:_identify(src) by extension 'ignore_ament_install'
[0.164s] Level 1:colcon.colcon_core.package_identification:_identify(src) by extensions ['colcon_pkg']
[0.164s] Level 1:colcon.colcon_core.package_identification:_identify(src) by extension 'colcon_pkg'
[0.164s] Level 1:colcon.colcon_core.package_identification:_identify(src) by extensions ['colcon_meta']
[0.164s] Level 1:colcon.colcon_core.package_identification:_identify(src) by extension 'colcon_meta'
[0.164s] Level 1:colcon.colcon_core.package_identification:_identify(src) by extensions ['ros']
[0.164s] Level 1:colcon.colcon_core.package_identification:_identify(src) by extension 'ros'
[0.164s] Level 1:colcon.colcon_core.package_identification:_identify(src) by extensions ['cmake', 'python']
[0.164s] Level 1:colcon.colcon_core.package_identification:_identify(src) by extension 'cmake'
[0.164s] Level 1:colcon.colcon_core.package_identification:_identify(src) by extension 'python'
[0.164s] Level 1:colcon.colcon_core.package_identification:_identify(src) by extensions ['python_setup_py']
[0.164s] Level 1:colcon.colcon_core.package_identification:_identify(src) by extension 'python_setup_py'
[0.164s] Level 1:colcon.colcon_core.package_identification:_identify(src/build) by extensions ['ignore', 'ignore_ament_install']
[0.164s] Level 1:colcon.colcon_core.package_identification:_identify(src/build) by extension 'ignore'
[0.164s] Level 1:colcon.colcon_core.package_identification:_identify(src/build) ignored
[0.164s] Level 1:colcon.colcon_core.package_identification:_identify(src/install) by extensions ['ignore', 'ignore_ament_install']
[0.164s] Level 1:colcon.colcon_core.package_identification:_identify(src/install) by extension 'ignore'
[0.164s] Level 1:colcon.colcon_core.package_identification:_identify(src/install) ignored
[0.164s] Level 1:colcon.colcon_core.package_identification:_identify(src/log) by extensions ['ignore', 'ignore_ament_install']
[0.164s] Level 1:colcon.colcon_core.package_identification:_identify(src/log) by extension 'ignore'
[0.164s] Level 1:colcon.colcon_core.package_identification:_identify(src/log) ignored
[0.164s] Level 1:colcon.colcon_core.package_identification:_identify(src/test_ch343) by extensions ['ignore', 'ignore_ament_install']
[0.164s] Level 1:colcon.colcon_core.package_identification:_identify(src/test_ch343) by extension 'ignore'
[0.164s] Level 1:colcon.colcon_core.package_identification:_identify(src/test_ch343) by extension 'ignore_ament_install'
[0.164s] Level 1:colcon.colcon_core.package_identification:_identify(src/test_ch343) by extensions ['colcon_pkg']
[0.164s] Level 1:colcon.colcon_core.package_identification:_identify(src/test_ch343) by extension 'colcon_pkg'
[0.164s] Level 1:colcon.colcon_core.package_identification:_identify(src/test_ch343) by extensions ['colcon_meta']
[0.164s] Level 1:colcon.colcon_core.package_identification:_identify(src/test_ch343) by extension 'colcon_meta'
[0.164s] Level 1:colcon.colcon_core.package_identification:_identify(src/test_ch343) by extensions ['ros']
[0.164s] Level 1:colcon.colcon_core.package_identification:_identify(src/test_ch343) by extension 'ros'
[0.166s] DEBUG:colcon.colcon_core.package_identification:Package 'src/test_ch343' with type 'ros.ament_cmake' and name 'test_ch343'
[0.166s] Level 1:colcon.colcon_core.package_identification:_identify(src/test_serialdriver) by extensions ['ignore', 'ignore_ament_install']
[0.166s] Level 1:colcon.colcon_core.package_identification:_identify(src/test_serialdriver) by extension 'ignore'
[0.166s] Level 1:colcon.colcon_core.package_identification:_identify(src/test_serialdriver) by extension 'ignore_ament_install'
[0.166s] Level 1:colcon.colcon_core.package_identification:_identify(src/test_serialdriver) by extensions ['colcon_pkg']
[0.166s] Level 1:colcon.colcon_core.package_identification:_identify(src/test_serialdriver) by extension 'colcon_pkg'
[0.166s] Level 1:colcon.colcon_core.package_identification:_identify(src/test_serialdriver) by extensions ['colcon_meta']
[0.166s] Level 1:colcon.colcon_core.package_identification:_identify(src/test_serialdriver) by extension 'colcon_meta'
[0.166s] Level 1:colcon.colcon_core.package_identification:_identify(src/test_serialdriver) by extensions ['ros']
[0.166s] Level 1:colcon.colcon_core.package_identification:_identify(src/test_serialdriver) by extension 'ros'
[0.166s] DEBUG:colcon.colcon_core.package_identification:Package 'src/test_serialdriver' with type 'ros.ament_cmake' and name 'test_serialdriver'
[0.166s] Level 1:colcon.colcon_core.package_discovery:discover_packages(recursive) using defaults
[0.166s] Level 1:colcon.colcon_core.package_discovery:discover_packages(ignore) discover
[0.166s] Level 1:colcon.colcon_core.package_discovery:discover_packages(ignore) using defaults
[0.166s] Level 1:colcon.colcon_core.package_discovery:discover_packages(path) discover
[0.166s] Level 1:colcon.colcon_core.package_discovery:discover_packages(path) using defaults
[0.184s] Level 1:colcon.colcon_core.package_discovery:discover_packages(prefix_path) check parameters
[0.184s] Level 1:colcon.colcon_core.package_discovery:discover_packages(prefix_path) discover
[0.186s] DEBUG:colcon.colcon_installed_package_information.package_discovery:Found 297 installed packages in /opt/ros/humble
[0.187s] Level 1:colcon.colcon_core.package_discovery:discover_packages(prefix_path) using defaults
[0.210s] Level 5:colcon.colcon_core.verb:set package 'test_ch343' build argument 'cmake_args' from command line to 'None'
[0.210s] Level 5:colcon.colcon_core.verb:set package 'test_ch343' build argument 'cmake_target' from command line to 'None'
[0.210s] Level 5:colcon.colcon_core.verb:set package 'test_ch343' build argument 'cmake_target_skip_unavailable' from command line to 'False'
[0.210s] Level 5:colcon.colcon_core.verb:set package 'test_ch343' build argument 'cmake_clean_cache' from command line to 'False'
[0.210s] Level 5:colcon.colcon_core.verb:set package 'test_ch343' build argument 'cmake_clean_first' from command line to 'False'
[0.210s] Level 5:colcon.colcon_core.verb:set package 'test_ch343' build argument 'cmake_force_configure' from command line to 'False'
[0.210s] Level 5:colcon.colcon_core.verb:set package 'test_ch343' build argument 'ament_cmake_args' from command line to 'None'
[0.210s] Level 5:colcon.colcon_core.verb:set package 'test_ch343' build argument 'catkin_cmake_args' from command line to 'None'
[0.210s] Level 5:colcon.colcon_core.verb:set package 'test_ch343' build argument 'catkin_skip_building_tests' from command line to 'False'
[0.210s] DEBUG:colcon.colcon_core.verb:Building package 'test_ch343' with the following arguments: {'ament_cmake_args': None, 'build_base': '/home/zoellickhan/Code/testing/build/test_ch343', 'catkin_cmake_args': None, 'catkin_skip_building_tests': False, 'cmake_args': None, 'cmake_clean_cache': False, 'cmake_clean_first': False, 'cmake_force_configure': False, 'cmake_target': None, 'cmake_target_skip_unavailable': False, 'install_base': '/home/zoellickhan/Code/testing/install/test_ch343', 'merge_install': False, 'path': '/home/zoellickhan/Code/testing/src/test_ch343', 'symlink_install': False, 'test_result_base': None}
[0.210s] Level 5:colcon.colcon_core.verb:set package 'test_serialdriver' build argument 'cmake_args' from command line to 'None'
[0.210s] Level 5:colcon.colcon_core.verb:set package 'test_serialdriver' build argument 'cmake_target' from command line to 'None'
[0.211s] Level 5:colcon.colcon_core.verb:set package 'test_serialdriver' build argument 'cmake_target_skip_unavailable' from command line to 'False'
[0.211s] Level 5:colcon.colcon_core.verb:set package 'test_serialdriver' build argument 'cmake_clean_cache' from command line to 'False'
[0.211s] Level 5:colcon.colcon_core.verb:set package 'test_serialdriver' build argument 'cmake_clean_first' from command line to 'False'
[0.211s] Level 5:colcon.colcon_core.verb:set package 'test_serialdriver' build argument 'cmake_force_configure' from command line to 'False'
[0.211s] Level 5:colcon.colcon_core.verb:set package 'test_serialdriver' build argument 'ament_cmake_args' from command line to 'None'
[0.211s] Level 5:colcon.colcon_core.verb:set package 'test_serialdriver' build argument 'catkin_cmake_args' from command line to 'None'
[0.211s] Level 5:colcon.colcon_core.verb:set package 'test_serialdriver' build argument 'catkin_skip_building_tests' from command line to 'False'
[0.211s] DEBUG:colcon.colcon_core.verb:Building package 'test_serialdriver' with the following arguments: {'ament_cmake_args': None, 'build_base': '/home/zoellickhan/Code/testing/build/test_serialdriver', 'catkin_cmake_args': None, 'catkin_skip_building_tests': False, 'cmake_args': None, 'cmake_clean_cache': False, 'cmake_clean_first': False, 'cmake_force_configure': False, 'cmake_target': None, 'cmake_target_skip_unavailable': False, 'install_base': '/home/zoellickhan/Code/testing/install/test_serialdriver', 'merge_install': False, 'path': '/home/zoellickhan/Code/testing/src/test_serialdriver', 'symlink_install': False, 'test_result_base': None}
[0.211s] INFO:colcon.colcon_core.executor:Executing jobs using 'parallel' executor
[0.211s] DEBUG:colcon.colcon_parallel_executor.executor.parallel:run_until_complete
[0.212s] INFO:colcon.colcon_ros.task.ament_cmake.build:Building ROS package in '/home/zoellickhan/Code/testing/src/test_ch343' with build type 'ament_cmake'
[0.212s] INFO:colcon.colcon_cmake.task.cmake.build:Building CMake package in '/home/zoellickhan/Code/testing/src/test_ch343'
[0.214s] INFO:colcon.colcon_core.plugin_system:Skipping extension 'colcon_core.shell.bat': Not used on non-Windows systems
[0.214s] INFO:colcon.colcon_core.shell:Skip shell extension 'powershell' for command environment: Not usable outside of PowerShell
[0.214s] DEBUG:colcon.colcon_core.shell:Skip shell extension 'dsv' for command environment
[0.216s] INFO:colcon.colcon_ros.task.ament_cmake.build:Building ROS package in '/home/zoellickhan/Code/testing/src/test_serialdriver' with build type 'ament_cmake'
[0.216s] INFO:colcon.colcon_cmake.task.cmake.build:Building CMake package in '/home/zoellickhan/Code/testing/src/test_serialdriver'
[0.216s] INFO:colcon.colcon_core.shell:Skip shell extension 'powershell' for command environment: Not usable outside of PowerShell
[0.216s] DEBUG:colcon.colcon_core.shell:Skip shell extension 'dsv' for command environment
[0.221s] DEBUG:colcon.colcon_core.event_handler.log_command:Invoking command in '/home/zoellickhan/Code/testing/build/test_ch343': CMAKE_PREFIX_PATH=/opt/ros/humble /usr/bin/cmake /home/zoellickhan/Code/testing/src/test_ch343 -DCMAKE_INSTALL_PREFIX=/home/zoellickhan/Code/testing/install/test_ch343
[0.223s] DEBUG:colcon.colcon_core.event_handler.log_command:Invoking command in '/home/zoellickhan/Code/testing/build/test_serialdriver': CMAKE_PREFIX_PATH=/opt/ros/humble /usr/bin/cmake /home/zoellickhan/Code/testing/src/test_serialdriver -DCMAKE_INSTALL_PREFIX=/home/zoellickhan/Code/testing/install/test_serialdriver
[1.192s] DEBUG:colcon.colcon_core.event_handler.log_command:Invoked command in '/home/zoellickhan/Code/testing/build/test_serialdriver' returned '0': CMAKE_PREFIX_PATH=/opt/ros/humble /usr/bin/cmake /home/zoellickhan/Code/testing/src/test_serialdriver -DCMAKE_INSTALL_PREFIX=/home/zoellickhan/Code/testing/install/test_serialdriver
[1.193s] DEBUG:colcon.colcon_core.event_handler.log_command:Invoking command in '/home/zoellickhan/Code/testing/build/test_serialdriver': CMAKE_PREFIX_PATH=/opt/ros/humble /usr/bin/cmake --build /home/zoellickhan/Code/testing/build/test_serialdriver -- -j20 -l20
[1.234s] DEBUG:colcon.colcon_core.event_handler.log_command:Invoked command in '/home/zoellickhan/Code/testing/build/test_serialdriver' returned '0': CMAKE_PREFIX_PATH=/opt/ros/humble /usr/bin/cmake --build /home/zoellickhan/Code/testing/build/test_serialdriver -- -j20 -l20
[1.279s] DEBUG:colcon.colcon_core.event_handler.log_command:Invoking command in '/home/zoellickhan/Code/testing/build/test_serialdriver': CMAKE_PREFIX_PATH=/opt/ros/humble /usr/bin/cmake --install /home/zoellickhan/Code/testing/build/test_serialdriver
[1.295s] Level 1:colcon.colcon_core.environment:create_environment_scripts_only(test_serialdriver)
[1.296s] DEBUG:colcon.colcon_core.event_handler.log_command:Invoked command in '/home/zoellickhan/Code/testing/build/test_serialdriver' returned '0': CMAKE_PREFIX_PATH=/opt/ros/humble /usr/bin/cmake --install /home/zoellickhan/Code/testing/build/test_serialdriver
[1.301s] Level 1:colcon.colcon_core.environment:checking '/home/zoellickhan/Code/testing/install/test_serialdriver' for CMake module files
[1.302s] Level 1:colcon.colcon_core.environment:checking '/home/zoellickhan/Code/testing/install/test_serialdriver' for CMake config files
[1.302s] Level 1:colcon.colcon_core.shell:create_environment_hook('test_serialdriver', 'cmake_prefix_path')
[1.303s] INFO:colcon.colcon_core.shell:Creating environment hook '/home/zoellickhan/Code/testing/install/test_serialdriver/share/test_serialdriver/hook/cmake_prefix_path.ps1'
[1.304s] INFO:colcon.colcon_core.shell:Creating environment descriptor '/home/zoellickhan/Code/testing/install/test_serialdriver/share/test_serialdriver/hook/cmake_prefix_path.dsv'
[1.305s] INFO:colcon.colcon_core.shell:Creating environment hook '/home/zoellickhan/Code/testing/install/test_serialdriver/share/test_serialdriver/hook/cmake_prefix_path.sh'
[1.306s] Level 1:colcon.colcon_core.environment:checking '/home/zoellickhan/Code/testing/install/test_serialdriver/bin'
[1.307s] Level 1:colcon.colcon_core.environment:checking '/home/zoellickhan/Code/testing/install/test_serialdriver/lib/pkgconfig/test_serialdriver.pc'
[1.307s] Level 1:colcon.colcon_core.environment:checking '/home/zoellickhan/Code/testing/install/test_serialdriver/lib/python3.10/site-packages'
[1.308s] Level 1:colcon.colcon_core.environment:checking '/home/zoellickhan/Code/testing/install/test_serialdriver/bin'
[1.309s] INFO:colcon.colcon_core.shell:Creating package script '/home/zoellickhan/Code/testing/install/test_serialdriver/share/test_serialdriver/package.ps1'
[1.311s] INFO:colcon.colcon_core.shell:Creating package descriptor '/home/zoellickhan/Code/testing/install/test_serialdriver/share/test_serialdriver/package.dsv'
[1.313s] INFO:colcon.colcon_core.shell:Creating package script '/home/zoellickhan/Code/testing/install/test_serialdriver/share/test_serialdriver/package.sh'
[1.315s] INFO:colcon.colcon_core.shell:Creating package script '/home/zoellickhan/Code/testing/install/test_serialdriver/share/test_serialdriver/package.bash'
[1.317s] INFO:colcon.colcon_core.shell:Creating package script '/home/zoellickhan/Code/testing/install/test_serialdriver/share/test_serialdriver/package.zsh'
[1.318s] Level 1:colcon.colcon_core.environment:create_file_with_runtime_dependencies(/home/zoellickhan/Code/testing/install/test_serialdriver/share/colcon-core/packages/test_serialdriver)
[1.353s] DEBUG:colcon.colcon_core.event_handler.log_command:Invoked command in '/home/zoellickhan/Code/testing/build/test_ch343' returned '0': CMAKE_PREFIX_PATH=/opt/ros/humble /usr/bin/cmake /home/zoellickhan/Code/testing/src/test_ch343 -DCMAKE_INSTALL_PREFIX=/home/zoellickhan/Code/testing/install/test_ch343
[1.355s] DEBUG:colcon.colcon_core.event_handler.log_command:Invoking command in '/home/zoellickhan/Code/testing/build/test_ch343': CMAKE_PREFIX_PATH=/opt/ros/humble /usr/bin/cmake --build /home/zoellickhan/Code/testing/build/test_ch343 -- -j20 -l20
[1.357s] Level 1:colcon.colcon_core.environment:create_environment_scripts_only(test_serialdriver)
[1.358s] Level 1:colcon.colcon_core.environment:checking '/home/zoellickhan/Code/testing/install/test_serialdriver' for CMake module files
[1.359s] Level 1:colcon.colcon_core.environment:checking '/home/zoellickhan/Code/testing/install/test_serialdriver' for CMake config files
[1.360s] Level 1:colcon.colcon_core.shell:create_environment_hook('test_serialdriver', 'cmake_prefix_path')
[1.360s] INFO:colcon.colcon_core.shell:Creating environment hook '/home/zoellickhan/Code/testing/install/test_serialdriver/share/test_serialdriver/hook/cmake_prefix_path.ps1'
[1.361s] INFO:colcon.colcon_core.shell:Creating environment descriptor '/home/zoellickhan/Code/testing/install/test_serialdriver/share/test_serialdriver/hook/cmake_prefix_path.dsv'
[1.362s] INFO:colcon.colcon_core.shell:Creating environment hook '/home/zoellickhan/Code/testing/install/test_serialdriver/share/test_serialdriver/hook/cmake_prefix_path.sh'
[1.363s] Level 1:colcon.colcon_core.environment:checking '/home/zoellickhan/Code/testing/install/test_serialdriver/bin'
[1.363s] Level 1:colcon.colcon_core.environment:checking '/home/zoellickhan/Code/testing/install/test_serialdriver/lib/pkgconfig/test_serialdriver.pc'
[1.364s] Level 1:colcon.colcon_core.environment:checking '/home/zoellickhan/Code/testing/install/test_serialdriver/lib/python3.10/site-packages'
[1.364s] Level 1:colcon.colcon_core.environment:checking '/home/zoellickhan/Code/testing/install/test_serialdriver/bin'
[1.365s] INFO:colcon.colcon_core.shell:Creating package script '/home/zoellickhan/Code/testing/install/test_serialdriver/share/test_serialdriver/package.ps1'
[1.366s] INFO:colcon.colcon_core.shell:Creating package descriptor '/home/zoellickhan/Code/testing/install/test_serialdriver/share/test_serialdriver/package.dsv'
[1.367s] INFO:colcon.colcon_core.shell:Creating package script '/home/zoellickhan/Code/testing/install/test_serialdriver/share/test_serialdriver/package.sh'
[1.368s] INFO:colcon.colcon_core.shell:Creating package script '/home/zoellickhan/Code/testing/install/test_serialdriver/share/test_serialdriver/package.bash'
[1.369s] INFO:colcon.colcon_core.shell:Creating package script '/home/zoellickhan/Code/testing/install/test_serialdriver/share/test_serialdriver/package.zsh'
[1.369s] Level 1:colcon.colcon_core.environment:create_file_with_runtime_dependencies(/home/zoellickhan/Code/testing/install/test_serialdriver/share/colcon-core/packages/test_serialdriver)
[4.124s] DEBUG:colcon.colcon_core.event_handler.log_command:Invoked command in '/home/zoellickhan/Code/testing/build/test_ch343' returned '0': CMAKE_PREFIX_PATH=/opt/ros/humble /usr/bin/cmake --build /home/zoellickhan/Code/testing/build/test_ch343 -- -j20 -l20
[4.140s] DEBUG:colcon.colcon_core.event_handler.log_command:Invoking command in '/home/zoellickhan/Code/testing/build/test_ch343': CMAKE_PREFIX_PATH=/opt/ros/humble /usr/bin/cmake --install /home/zoellickhan/Code/testing/build/test_ch343
[4.147s] Level 1:colcon.colcon_core.environment:create_environment_scripts_only(test_ch343)
[4.148s] DEBUG:colcon.colcon_core.event_handler.log_command:Invoked command in '/home/zoellickhan/Code/testing/build/test_ch343' returned '0': CMAKE_PREFIX_PATH=/opt/ros/humble /usr/bin/cmake --install /home/zoellickhan/Code/testing/build/test_ch343
[4.148s] Level 1:colcon.colcon_core.environment:checking '/home/zoellickhan/Code/testing/install/test_ch343' for CMake module files
[4.149s] Level 1:colcon.colcon_core.environment:checking '/home/zoellickhan/Code/testing/install/test_ch343' for CMake config files
[4.149s] Level 1:colcon.colcon_core.shell:create_environment_hook('test_ch343', 'cmake_prefix_path')
[4.149s] INFO:colcon.colcon_core.shell:Creating environment hook '/home/zoellickhan/Code/testing/install/test_ch343/share/test_ch343/hook/cmake_prefix_path.ps1'
[4.150s] INFO:colcon.colcon_core.shell:Creating environment descriptor '/home/zoellickhan/Code/testing/install/test_ch343/share/test_ch343/hook/cmake_prefix_path.dsv'
[4.150s] INFO:colcon.colcon_core.shell:Creating environment hook '/home/zoellickhan/Code/testing/install/test_ch343/share/test_ch343/hook/cmake_prefix_path.sh'
[4.150s] Level 1:colcon.colcon_core.environment:checking '/home/zoellickhan/Code/testing/install/test_ch343/lib'
[4.151s] Level 1:colcon.colcon_core.environment:checking '/home/zoellickhan/Code/testing/install/test_ch343/bin'
[4.151s] Level 1:colcon.colcon_core.environment:checking '/home/zoellickhan/Code/testing/install/test_ch343/lib/pkgconfig/test_ch343.pc'
[4.151s] Level 1:colcon.colcon_core.environment:checking '/home/zoellickhan/Code/testing/install/test_ch343/lib/python3.10/site-packages'
[4.151s] Level 1:colcon.colcon_core.environment:checking '/home/zoellickhan/Code/testing/install/test_ch343/bin'
[4.151s] INFO:colcon.colcon_core.shell:Creating package script '/home/zoellickhan/Code/testing/install/test_ch343/share/test_ch343/package.ps1'
[4.152s] INFO:colcon.colcon_core.shell:Creating package descriptor '/home/zoellickhan/Code/testing/install/test_ch343/share/test_ch343/package.dsv'
[4.152s] INFO:colcon.colcon_core.shell:Creating package script '/home/zoellickhan/Code/testing/install/test_ch343/share/test_ch343/package.sh'
[4.152s] INFO:colcon.colcon_core.shell:Creating package script '/home/zoellickhan/Code/testing/install/test_ch343/share/test_ch343/package.bash'
[4.153s] INFO:colcon.colcon_core.shell:Creating package script '/home/zoellickhan/Code/testing/install/test_ch343/share/test_ch343/package.zsh'
[4.153s] Level 1:colcon.colcon_core.environment:create_file_with_runtime_dependencies(/home/zoellickhan/Code/testing/install/test_ch343/share/colcon-core/packages/test_ch343)
[4.170s] Level 1:colcon.colcon_core.environment:create_environment_scripts_only(test_ch343)
[4.170s] Level 1:colcon.colcon_core.environment:checking '/home/zoellickhan/Code/testing/install/test_ch343' for CMake module files
[4.170s] Level 1:colcon.colcon_core.environment:checking '/home/zoellickhan/Code/testing/install/test_ch343' for CMake config files
[4.171s] Level 1:colcon.colcon_core.shell:create_environment_hook('test_ch343', 'cmake_prefix_path')
[4.171s] INFO:colcon.colcon_core.shell:Creating environment hook '/home/zoellickhan/Code/testing/install/test_ch343/share/test_ch343/hook/cmake_prefix_path.ps1'
[4.171s] INFO:colcon.colcon_core.shell:Creating environment descriptor '/home/zoellickhan/Code/testing/install/test_ch343/share/test_ch343/hook/cmake_prefix_path.dsv'
[4.171s] INFO:colcon.colcon_core.shell:Creating environment hook '/home/zoellickhan/Code/testing/install/test_ch343/share/test_ch343/hook/cmake_prefix_path.sh'
[4.172s] Level 1:colcon.colcon_core.environment:checking '/home/zoellickhan/Code/testing/install/test_ch343/lib'
[4.172s] Level 1:colcon.colcon_core.environment:checking '/home/zoellickhan/Code/testing/install/test_ch343/bin'
[4.172s] Level 1:colcon.colcon_core.environment:checking '/home/zoellickhan/Code/testing/install/test_ch343/lib/pkgconfig/test_ch343.pc'
[4.172s] Level 1:colcon.colcon_core.environment:checking '/home/zoellickhan/Code/testing/install/test_ch343/lib/python3.10/site-packages'
[4.172s] Level 1:colcon.colcon_core.environment:checking '/home/zoellickhan/Code/testing/install/test_ch343/bin'
[4.172s] INFO:colcon.colcon_core.shell:Creating package script '/home/zoellickhan/Code/testing/install/test_ch343/share/test_ch343/package.ps1'
[4.173s] INFO:colcon.colcon_core.shell:Creating package descriptor '/home/zoellickhan/Code/testing/install/test_ch343/share/test_ch343/package.dsv'
[4.173s] INFO:colcon.colcon_core.shell:Creating package script '/home/zoellickhan/Code/testing/install/test_ch343/share/test_ch343/package.sh'
[4.173s] INFO:colcon.colcon_core.shell:Creating package script '/home/zoellickhan/Code/testing/install/test_ch343/share/test_ch343/package.bash'
[4.173s] INFO:colcon.colcon_core.shell:Creating package script '/home/zoellickhan/Code/testing/install/test_ch343/share/test_ch343/package.zsh'
[4.174s] Level 1:colcon.colcon_core.environment:create_file_with_runtime_dependencies(/home/zoellickhan/Code/testing/install/test_ch343/share/colcon-core/packages/test_ch343)
[4.174s] DEBUG:colcon.colcon_parallel_executor.executor.parallel:closing loop
[4.174s] DEBUG:colcon.colcon_parallel_executor.executor.parallel:loop closed
[4.174s] DEBUG:colcon.colcon_parallel_executor.executor.parallel:run_until_complete finished with '0'
[4.174s] DEBUG:colcon.colcon_core.event_reactor:joining thread
[4.179s] INFO:colcon.colcon_core.plugin_system:Skipping extension 'colcon_notification.desktop_notification.terminal_notifier': Not used on non-Darwin systems
[4.179s] INFO:colcon.colcon_core.plugin_system:Skipping extension 'colcon_notification.desktop_notification.win32': Not used on non-Windows systems
[4.179s] INFO:colcon.colcon_notification.desktop_notification:Sending desktop notification using 'notify2'
[4.199s] DEBUG:colcon.colcon_core.event_reactor:joined thread
[4.200s] INFO:colcon.colcon_core.shell:Creating prefix script '/home/zoellickhan/Code/testing/install/local_setup.ps1'
[4.200s] INFO:colcon.colcon_core.shell:Creating prefix util module '/home/zoellickhan/Code/testing/install/_local_setup_util_ps1.py'
[4.201s] INFO:colcon.colcon_core.shell:Creating prefix chain script '/home/zoellickhan/Code/testing/install/setup.ps1'
[4.202s] INFO:colcon.colcon_core.shell:Creating prefix script '/home/zoellickhan/Code/testing/install/local_setup.sh'
[4.202s] INFO:colcon.colcon_core.shell:Creating prefix util module '/home/zoellickhan/Code/testing/install/_local_setup_util_sh.py'
[4.202s] INFO:colcon.colcon_core.shell:Creating prefix chain script '/home/zoellickhan/Code/testing/install/setup.sh'
[4.203s] INFO:colcon.colcon_core.shell:Creating prefix script '/home/zoellickhan/Code/testing/install/local_setup.bash'
[4.203s] INFO:colcon.colcon_core.shell:Creating prefix chain script '/home/zoellickhan/Code/testing/install/setup.bash'
[4.204s] INFO:colcon.colcon_core.shell:Creating prefix script '/home/zoellickhan/Code/testing/install/local_setup.zsh'
[4.204s] INFO:colcon.colcon_core.shell:Creating prefix chain script '/home/zoellickhan/Code/testing/install/setup.zsh'
