[0.059s] DEBUG:colcon:Command line arguments: ['/usr/bin/colcon', 'list', '-p', '--base-paths', '/home/zoellickhan/Code/testing']
[0.059s] DEBUG:colcon:Parsed command line arguments: Namespace(log_base=None, log_level=None, verb_name='list', build_base='build', ignore_user_meta=False, metas=['./colcon.meta'], base_paths=['/home/zoellickhan/Code/testing'], packages_ignore=None, packages_ignore_regex=None, paths=None, packages_up_to=None, packages_up_to_regex=None, packages_above=None, packages_above_and_dependencies=None, packages_above_depth=None, packages_select_by_dep=None, packages_skip_by_dep=None, packages_skip_up_to=None, packages_select_build_failed=False, packages_skip_build_finished=False, packages_select_test_failures=False, packages_skip_test_passed=False, packages_select=None, packages_skip=None, packages_select_regex=None, packages_skip_regex=None, packages_start=None, packages_end=None, allow_overriding=[], topological_order=False, names_only=False, paths_only=True, topological_graph=False, topological_graph_dot=False, topological_graph_density=False, topological_graph_legend=False, topological_graph_dot_cluster=False, topological_graph_dot_include_skipped=False, mixin_files=None, mixin=None, verb_parser=<colcon_mixin.mixin.mixin_argument.MixinArgumentDecorator object at 0x772c5f6d3760>, verb_extension=<colcon_package_information.verb.list.ListVerb object at 0x772c5f7d7340>, main=<bound method ListVerb.main of <colcon_package_information.verb.list.ListVerb object at 0x772c5f7d7340>>, mixin_verb=('list',))
[0.158s] Level 1:colcon.colcon_core.package_discovery:discover_packages(colcon_meta) check parameters
[0.158s] Level 1:colcon.colcon_core.package_discovery:discover_packages(recursive) check parameters
[0.158s] Level 1:colcon.colcon_core.package_discovery:discover_packages(ignore) check parameters
[0.158s] Level 1:colcon.colcon_core.package_discovery:discover_packages(path) check parameters
[0.158s] Level 1:colcon.colcon_core.package_discovery:discover_packages(recursive) discover
[0.158s] INFO:colcon.colcon_core.package_discovery:Crawling recursively for packages in '/home/zoellickhan/Code/testing'
[0.159s] Level 1:colcon.colcon_core.package_identification:_identify(/home/zoellickhan/Code/testing) by extensions ['ignore', 'ignore_ament_install']
[0.159s] Level 1:colcon.colcon_core.package_identification:_identify(/home/zoellickhan/Code/testing) by extension 'ignore'
[0.159s] Level 1:colcon.colcon_core.package_identification:_identify(/home/zoellickhan/Code/testing) by extension 'ignore_ament_install'
[0.159s] Level 1:colcon.colcon_core.package_identification:_identify(/home/zoellickhan/Code/testing) by extensions ['colcon_pkg']
[0.159s] Level 1:colcon.colcon_core.package_identification:_identify(/home/zoellickhan/Code/testing) by extension 'colcon_pkg'
[0.159s] Level 1:colcon.colcon_core.package_identification:_identify(/home/zoellickhan/Code/testing) by extensions ['colcon_meta']
[0.159s] Level 1:colcon.colcon_core.package_identification:_identify(/home/zoellickhan/Code/testing) by extension 'colcon_meta'
[0.159s] Level 1:colcon.colcon_core.package_identification:_identify(/home/zoellickhan/Code/testing) by extensions ['ros']
[0.159s] Level 1:colcon.colcon_core.package_identification:_identify(/home/zoellickhan/Code/testing) by extension 'ros'
[0.166s] Level 1:colcon.colcon_core.package_identification:_identify(/home/zoellickhan/Code/testing) by extensions ['cmake', 'python']
[0.167s] Level 1:colcon.colcon_core.package_identification:_identify(/home/zoellickhan/Code/testing) by extension 'cmake'
[0.167s] Level 1:colcon.colcon_core.package_identification:_identify(/home/zoellickhan/Code/testing) by extension 'python'
[0.167s] Level 1:colcon.colcon_core.package_identification:_identify(/home/zoellickhan/Code/testing) by extensions ['python_setup_py']
[0.167s] Level 1:colcon.colcon_core.package_identification:_identify(/home/zoellickhan/Code/testing) by extension 'python_setup_py'
[0.167s] Level 1:colcon.colcon_core.package_identification:_identify(/home/zoellickhan/Code/testing/log) by extensions ['ignore', 'ignore_ament_install']
[0.167s] Level 1:colcon.colcon_core.package_identification:_identify(/home/zoellickhan/Code/testing/log) by extension 'ignore'
[0.167s] Level 1:colcon.colcon_core.package_identification:_identify(/home/zoellickhan/Code/testing/log) ignored
[0.167s] Level 1:colcon.colcon_core.package_identification:_identify(/home/zoellickhan/Code/testing/src) by extensions ['ignore', 'ignore_ament_install']
[0.167s] Level 1:colcon.colcon_core.package_identification:_identify(/home/zoellickhan/Code/testing/src) by extension 'ignore'
[0.167s] Level 1:colcon.colcon_core.package_identification:_identify(/home/zoellickhan/Code/testing/src) by extension 'ignore_ament_install'
[0.167s] Level 1:colcon.colcon_core.package_identification:_identify(/home/zoellickhan/Code/testing/src) by extensions ['colcon_pkg']
[0.167s] Level 1:colcon.colcon_core.package_identification:_identify(/home/zoellickhan/Code/testing/src) by extension 'colcon_pkg'
[0.167s] Level 1:colcon.colcon_core.package_identification:_identify(/home/zoellickhan/Code/testing/src) by extensions ['colcon_meta']
[0.167s] Level 1:colcon.colcon_core.package_identification:_identify(/home/zoellickhan/Code/testing/src) by extension 'colcon_meta'
[0.167s] Level 1:colcon.colcon_core.package_identification:_identify(/home/zoellickhan/Code/testing/src) by extensions ['ros']
[0.167s] Level 1:colcon.colcon_core.package_identification:_identify(/home/zoellickhan/Code/testing/src) by extension 'ros'
[0.167s] Level 1:colcon.colcon_core.package_identification:_identify(/home/zoellickhan/Code/testing/src) by extensions ['cmake', 'python']
[0.167s] Level 1:colcon.colcon_core.package_identification:_identify(/home/zoellickhan/Code/testing/src) by extension 'cmake'
[0.167s] Level 1:colcon.colcon_core.package_identification:_identify(/home/zoellickhan/Code/testing/src) by extension 'python'
[0.167s] Level 1:colcon.colcon_core.package_identification:_identify(/home/zoellickhan/Code/testing/src) by extensions ['python_setup_py']
[0.167s] Level 1:colcon.colcon_core.package_identification:_identify(/home/zoellickhan/Code/testing/src) by extension 'python_setup_py'
[0.167s] Level 1:colcon.colcon_core.package_identification:_identify(/home/zoellickhan/Code/testing/src/build) by extensions ['ignore', 'ignore_ament_install']
[0.167s] Level 1:colcon.colcon_core.package_identification:_identify(/home/zoellickhan/Code/testing/src/build) by extension 'ignore'
[0.167s] Level 1:colcon.colcon_core.package_identification:_identify(/home/zoellickhan/Code/testing/src/build) ignored
[0.167s] Level 1:colcon.colcon_core.package_identification:_identify(/home/zoellickhan/Code/testing/src/install) by extensions ['ignore', 'ignore_ament_install']
[0.168s] Level 1:colcon.colcon_core.package_identification:_identify(/home/zoellickhan/Code/testing/src/install) by extension 'ignore'
[0.168s] Level 1:colcon.colcon_core.package_identification:_identify(/home/zoellickhan/Code/testing/src/install) ignored
[0.168s] Level 1:colcon.colcon_core.package_identification:_identify(/home/zoellickhan/Code/testing/src/log) by extensions ['ignore', 'ignore_ament_install']
[0.168s] Level 1:colcon.colcon_core.package_identification:_identify(/home/zoellickhan/Code/testing/src/log) by extension 'ignore'
[0.168s] Level 1:colcon.colcon_core.package_identification:_identify(/home/zoellickhan/Code/testing/src/log) ignored
[0.168s] Level 1:colcon.colcon_core.package_identification:_identify(/home/zoellickhan/Code/testing/src/test_ch343) by extensions ['ignore', 'ignore_ament_install']
[0.168s] Level 1:colcon.colcon_core.package_identification:_identify(/home/zoellickhan/Code/testing/src/test_ch343) by extension 'ignore'
[0.168s] Level 1:colcon.colcon_core.package_identification:_identify(/home/zoellickhan/Code/testing/src/test_ch343) by extension 'ignore_ament_install'
[0.168s] Level 1:colcon.colcon_core.package_identification:_identify(/home/zoellickhan/Code/testing/src/test_ch343) by extensions ['colcon_pkg']
[0.168s] Level 1:colcon.colcon_core.package_identification:_identify(/home/zoellickhan/Code/testing/src/test_ch343) by extension 'colcon_pkg'
[0.168s] Level 1:colcon.colcon_core.package_identification:_identify(/home/zoellickhan/Code/testing/src/test_ch343) by extensions ['colcon_meta']
[0.168s] Level 1:colcon.colcon_core.package_identification:_identify(/home/zoellickhan/Code/testing/src/test_ch343) by extension 'colcon_meta'
[0.168s] Level 1:colcon.colcon_core.package_identification:_identify(/home/zoellickhan/Code/testing/src/test_ch343) by extensions ['ros']
[0.168s] Level 1:colcon.colcon_core.package_identification:_identify(/home/zoellickhan/Code/testing/src/test_ch343) by extension 'ros'
[0.170s] DEBUG:colcon.colcon_core.package_identification:Package '/home/zoellickhan/Code/testing/src/test_ch343' with type 'ros.ament_cmake' and name 'test_ch343'
[0.170s] Level 1:colcon.colcon_core.package_identification:_identify(/home/zoellickhan/Code/testing/src/test_serialdriver) by extensions ['ignore', 'ignore_ament_install']
[0.170s] Level 1:colcon.colcon_core.package_identification:_identify(/home/zoellickhan/Code/testing/src/test_serialdriver) by extension 'ignore'
[0.170s] Level 1:colcon.colcon_core.package_identification:_identify(/home/zoellickhan/Code/testing/src/test_serialdriver) by extension 'ignore_ament_install'
[0.170s] Level 1:colcon.colcon_core.package_identification:_identify(/home/zoellickhan/Code/testing/src/test_serialdriver) by extensions ['colcon_pkg']
[0.170s] Level 1:colcon.colcon_core.package_identification:_identify(/home/zoellickhan/Code/testing/src/test_serialdriver) by extension 'colcon_pkg'
[0.170s] Level 1:colcon.colcon_core.package_identification:_identify(/home/zoellickhan/Code/testing/src/test_serialdriver) by extensions ['colcon_meta']
[0.170s] Level 1:colcon.colcon_core.package_identification:_identify(/home/zoellickhan/Code/testing/src/test_serialdriver) by extension 'colcon_meta'
[0.170s] Level 1:colcon.colcon_core.package_identification:_identify(/home/zoellickhan/Code/testing/src/test_serialdriver) by extensions ['ros']
[0.170s] Level 1:colcon.colcon_core.package_identification:_identify(/home/zoellickhan/Code/testing/src/test_serialdriver) by extension 'ros'
[0.170s] DEBUG:colcon.colcon_core.package_identification:Package '/home/zoellickhan/Code/testing/src/test_serialdriver' with type 'ros.ament_cmake' and name 'test_serialdriver'
[0.170s] Level 1:colcon.colcon_core.package_discovery:discover_packages(recursive) using defaults
